MPASM  5.51                          MAIN.ASM   12-20-2022  4:51:05         PAGE  1


LOC  OBJECT CODE     LINE SOURCE TEXT
  VALUE

                      00001 ; Disciplina Microcontroladores
                      00002 ; Autor: Fulano
                      00003 ;
                      00004 ; MCU: PIC18F45k22      clock: 8MHz             Tcy:0.5us
                      00005 ;
                      00006 ; Programas exemplo
                      00007 ;
                      00008 ; versão: 0.1 - data: 30/11/2022
                      00009 ;--------------------------------------------
                      00010 
                      00011         list  p=18f45k22, r=dec ; indica o microcontrolador utilizado e o radix padrão
                      00012 
                      00013 ;-------- Arquivos incluídos no projeto ---
                      00014         #include p18f45k22.inc ; definições dos registradores
                      00001         LIST
                      00002 
                      00003 ;==========================================================================
                      00004 ;  MPASM PIC18F45K22 processor include
                      00005 ; 
                      00006 ;  (c) Copyright 1999-2013 Microchip Technology, All rights reserved
                      00007 ;==========================================================================
                      00008 
                      02791         LIST
                      00015 
                      00016 ;--- configura Fuse bits (bits de configuração) ---
23 1E 3C BF 85 0F C0 000017         config  FOSC=HSMP       ; HS oscillator (medium power 4-16 MHz)
       F E0 0F 40 
                      00018         config  WDTEN=OFF       ; desabilitado o watchdo timer , 
                      00019         config  PWRTEN=ON       ; power-up timer bit abilitado
                      00020         config  CP0=OFF ; Code protection Block 0 disabled, 
                      00021         config  CP1=OFF ; Code protection Block 1 disabled
                      00022         config  CP2=OFF ; Code protection Block 2 disabled, 
                      00023         config  CP3=OFF ; Code protection Block 3 disabled
                      00024         
                      00025 
                      00026 ;--- Saidas
                      00027         ; DEFINIÇÕES DO DISPLAY 7-SEG
Warning[207]: Found label after column 1. (DISP7SEG)
  00000F83            00028         DISP7SEG        equ             PORTD ; DISPLAY DE 7 SEG. CAT. COMUM  NA PORTA D
Warning[207]: Found label after column 1. (DISP_MUX)
  00000F80            00029         DISP_MUX        equ             PORTA ; DIS0 - RA0, DIS1 - RA1, DIS2 - RA2,  DIS3 - RA3
                      00030 
                      00031         ; DEFINIÇÕES DO TECLADO 4X4
                      00032         #define COLUNA0 PORTB,RB4
                      00033         #define COLUNA1 PORTB,RB5
                      00034         #define COLUNA2 PORTB,RB6
                      00035         #define COLUNA3 PORTB,RB7
                      00036 
                      00037 ;--- Entradas
                      00038         #define         botao           PORTC,RC0       ; BOTÃO CONECTADO NA PORTA RC0
                      00039         
                      00040         ; DEFINIÇÕES DO TECLADO 4X4
                      00041         #define LINHA0 PORTB,RB0
MPASM  5.51                          MAIN.ASM   12-20-2022  4:51:05         PAGE  2


LOC  OBJECT CODE     LINE SOURCE TEXT
  VALUE

                      00042         #define LINHA1 PORTB,RB1
                      00043         #define LINHA2 PORTB,RB2
                      00044         #define LINHA3 PORTB,RB3
                      00045 
                      00046 ;--- variáveis
                      00047         CBLOCK  00h             ; define as posições de memória a partir do end. definido
  00000000            00048                 R0
                      00049                 ; variáveis utilizadas na subrotina de atraso
  00000001            00050                 COUNTER1 
  00000002            00051                 COUNTER2
  00000003            00052                 NUM_MS
                      00053                 ;------------------------
                      00054                 
                      00055         ENDC
                      00056         
                      00057 ;********** Vetor de reset
000000                00058         ORG             00H             ;End inicial da mem. de prog.
000000 EF0D F000      00059                 GOTO INICIO
                      00060                 
                      00061 ;********** Vetor de interrupção
                      00062         ;--- High-Priority Interrupt Vector 
000008                00063         ORG     0008h
000008 0010           00064                 RETFIE
                      00065 
                      00066         ;---Low-Priority Interrupt Vector
000018                00067         ORG             0018h
000018 0010           00068                 RETFIE
                      00069 
                      00070 ;********* Define endereço de inicio
00001A                00071         ORG             001Ah
00001A                00072 INICIO:
                      00073 ;------ Programa principal
                      00074         ;************ Configurações iniciais ***********
                      00075         ; Inicializando Portas de entrada e saída
                      00076                 ;MOVLB  0xF     ; Set BSR for banked SFRs
00001A 010F           00077                 BANKSEL ANSELA  ; SELECIONA BANCO DE MEMÓRIA DO REG. ANSELD
                      00078         
                      00079                 ; PortA
00001C 6A89           00080                 CLRF    LATA    ; Initialize PORT by clearing output data latches       
00001E 6B38           00081                 CLRF    ANSELA  ; Configure I/O for digital inputs      
000020 9092           00082                 BCF     TRISA,0 ; CONFIGURA RA0 COMO SAÍDA
                      00083         
                      00084                 ; PortB
000022 6A8A           00085                 CLRF    LATB    ; Initialize PORT by clearing output data latches       
000024 6B39           00086                 CLRF    ANSELB  ; Configure I/O for digital inputs      
000026 0E0F           00087                 MOVLW   0Fh     ; Value used to initialize data direction
000028 6E93           00088                 MOVWF   TRISB   ; colunas como saídas e linhas como entradas
                      00089         
                      00090         
                      00091                 ; PortD
00002A 6A8C           00092                 CLRF    LATD    ; Initialize PORT by clearing output data latches       
00002C 6B3B           00093                 CLRF    ANSELD  ; Configure I/O for digital inputs      
00002E 0E00           00094                 MOVLW   00h     ; Value used to initialize data direction
MPASM  5.51                          MAIN.ASM   12-20-2022  4:51:05         PAGE  3


LOC  OBJECT CODE     LINE SOURCE TEXT
  VALUE

000030 6E95           00095                 MOVWF   TRISD   ; CONFIGURA PORT COMO SAÍDA PARA O DISPLAY              
                      00096         
                      00097         ; VALORES INICIAIS
000032 8080           00098                 BSF             DISP_MUX,0 ;ativa display 0
                      00099                 
                      00100                 ;R0 = -1;           
000034 0EFF           00101                 MOVLW       255        
000036 6E00           00102                 MOVWF       R0
                      00103                 
                      00104 
                      00105         ;*****************************************                                              
000038                00106 loop:                   
000038 D884           00107                 RCALL       le_teclado_debounce
                      00108 ;       if (R0 != -1) {
00003A 0EFF           00109                 MOVLW       255
00003C 6000           00110                 CPFSLT          R0 
00003E D00D           00111                 BRA                     igual
                      00112         ;       DISP = catodo[R0];
000040 5000           00113                 MOVF    R0, W ; diferente
000042 ECAC F000      00114                 CALL    TAB7SEG
000046 6E83           00115                 MOVWF   DISP7SEG
                      00116         ;       PORTD.B7 = 1;
000048 8E83           00117                 BSF     DISP7SEG, 7
                      00118         ;       Delay_ms(100);
00004A 0E64           00119                 MOVLW   100
00004C EC30 F000      00120                 CALL    delay_ms
                      00121         ;       PORTD.B7 = 0;
000050 9E83           00122                 BCF             DISP7SEG, 7
                      00123         ;       Delay_ms(250);
000052 0EFA           00124                 MOVLW   250
000054 EC30 F000      00125                 CALL    delay_ms
000058 D001           00126                 BRA             fim_main                
                      00127 ;       } else PORTD.B7 = 0;
00005A                00128 igual:
00005A 9E83           00129                 BCF         DISP7SEG, 7 ; apaga ponto decimal
                      00130                                 
00005C                00131 fim_main:
00005C EF1C F000      00132                 goto    loop            ;volta para label loop  
                      00133 
                      00134 
                      00135 ;*********************** SUBROTINAS******************************
                      00136 ;----------------------------------------------
                      00137 ;Nome: delay_ms
                      00138 ;Descrição: Espera X ms @ Tcy=500ns
                      00139 ;Param. Entrada: WREG
                      00140 ;Param. Saída: nenhum
                      00141 ;Altera: WREG, NUM_MS, COUNTER2, COUNTER1
                      00142 ;----------------------------------------------
000060                00143 delay_ms:       
000060 6E03           00144                         movwf   NUM_MS
                      00145                         
000062                00146 loop3:
000062 0E04           00147                         movlw   .4
MPASM  5.51                          MAIN.ASM   12-20-2022  4:51:05         PAGE  4


LOC  OBJECT CODE     LINE SOURCE TEXT
  VALUE

000064 6E02           00148                         movwf   COUNTER2
000066                00149 loop2:
000066 0EA5           00150                         movlw   .165     ;1cm 
000068 6E01           00151                         movwf   COUNTER1 ;1cm
00006A                00152 loop1:          ;decfsz gasta 1cm para decrementar, (1cm)
                      00153                         ; se seguido de instrução de 1 palavra ele gasta mais 1cm para skip, (2 cm)
                      00154                         ; se seguido de uma instrução de 2 palavras ele gasta mais 2cm para. (3 cm)
00006A 2E01           00155                         decfsz  COUNTER1 ; 1 cm * counter1
00006C EF35 F000      00156                         goto    loop1    ; 2 cm * (counter1 - 1) + 2 skip
                      00157                                                          ; ---------------------------------
                      00158                                                          ; 3 cm * (counter1 -1) + (1 + 2)  = 3 cm * coun
                            ter1 - 3 + 3
                      00159                                                          ; T1 = (3cm * counter1) ciclos de máquina      
                                            
000070 2E02           00160                         decfsz  COUNTER2 ; 1 cm
000072 EF33 F000      00161                         goto    loop2    ; 2 cm ; T2 = (5 cm + 2 + T1)*counter2 
                      00162                         
                      00163                         
000076 2E03           00164                         decfsz  NUM_MS  ; 1 cm
000078 EF31 F000      00165                         goto    loop3   ; 2 cm  
                      00166                                                         ;(2cm + (5 cm + T2) * num_ms + 2 (return) + 2 (c
                            all))
                      00167                                                         ; NUM_MS *(5 + (5 + 3*counter1)*counter2)+6 
                      00168                                                         ; NUM_MS*(5+4*(5+3*165))+6 = NUM_MS*2005+6
                      00169                                                         ; erro = (5*NUM_MS+6)*Tcy
00007C 0012           00170                         RETURN   
                      00171 
                      00172 ;----------------------------------------------
                      00173 ;Nome: varre_tecla
                      00174 ;Descrição: Varre um teclado matricial 4x4 e retorna o valor da tecla em decimal
                      00175 ; obs.: linhas em pull down
                      00176 ;Param. Entrada: nenhum
                      00177 ;Param. Saída: R0
                      00178 ;Altera: WREG, R0, COLUNAs e LINHAs
                      00179 ;----------------------------------------------
                      00180         ;       C0      C1      C2      C3
                      00181     ;L0 '1'     '2'     '3'     'A',
                      00182     ;L1 '4'     '5'     '6'     'B',
                      00183     ;L2 '7'     '8'     '9'     'C',
                      00184     ;L3 '*'     '0'     '#'     'D',
                      00185     
                      00186         ; A = 10 (0x0A) 
                      00187         ; B = 11 (0x0B)
                      00188         ; C = 12 (0x0C)
                      00189         ; D = 13 (0x0D)
                      00190         ; # = 14 (0x0E)
                      00191         ; * = 15 (0x0F)
                      00192         ;NENHUMA TECLA = 0xFF
                      00193         
00007E                00194 varre_tecla: ; 
                      00195         ; testa C0L0
00007E 9A81           00196         BCF         COLUNA1 ;COLUNA1 = 0;
000080 9C81           00197         BCF         COLUNA2; COLUNA2 = 0;
MPASM  5.51                          MAIN.ASM   12-20-2022  4:51:05         PAGE  5


LOC  OBJECT CODE     LINE SOURCE TEXT
  VALUE

000082 9E81           00198         BCF         COLUNA3; COLUNA3 = 0;
000084 8881           00199         BSF         COLUNA0; COLUNA0 = 1; 
                      00200 
                      00201         ; if(LINHA0==1) return 1;
000086 A081           00202         BTFSS       LINHA0 
000088 D003           00203         BRA         varre_C0_L1
00008A 0E01           00204         MOVLW       1
00008C 6E00           00205         MOVWF       R0 
00008E D058           00206         BRA         fim_varre_tecla
                      00207         
000090                00208 varre_C0_L1:
                      00209         ; else if(LINHA1) return 4;
000090 A281           00210         BTFSS       LINHA1 
000092 D003           00211         BRA         varre_C0_L2
000094 0E04           00212         MOVLW       4
000096 6E00           00213         MOVWF       R0 
000098 D053           00214         BRA         fim_varre_tecla
                      00215         
00009A                00216 varre_C0_L2:
                      00217         ; else if(LINHA2) return 7;
00009A A481           00218         BTFSS       LINHA2 
00009C D003           00219         BRA         varre_C0_L3
00009E 0E07           00220         MOVLW       7
0000A0 6E00           00221         MOVWF       R0 
0000A2 D04E           00222         BRA         fim_varre_tecla
                      00223         
0000A4                00224 varre_C0_L3:
                      00225         ; else if(LINHA3) return 0XF;
0000A4 A681           00226         BTFSS       LINHA3 
0000A6 D003           00227         BRA         varre_C1_L0
0000A8 0E0F           00228         MOVLW       15
0000AA 6E00           00229         MOVWF       R0 
0000AC D049           00230         BRA         fim_varre_tecla
                      00231 
0000AE                00232 varre_C1_L0:
0000AE 9C81           00233         BCF         COLUNA2 ; COLUNA2 = 0;
0000B0 9E81           00234         BCF         COLUNA3 ; COLUNA3 = 0;
0000B2 9881           00235         BCF         COLUNA0 ; COLUNA0 = 0;
0000B4 8A81           00236         BSF         COLUNA1 ; COLUNA1 = 1;
                      00237 ; if(LINHA0==1) return 2;
0000B6 A081           00238         BTFSS       LINHA0 
0000B8 D003           00239         BRA         varre_C1_L1
0000BA 0E02           00240         MOVLW       2
0000BC 6E00           00241         MOVWF       R0 
0000BE D040           00242         BRA         fim_varre_tecla
                      00243         
0000C0                00244 varre_C1_L1:
                      00245 ; else if(LINHA1) return 5;
0000C0 A281           00246         BTFSS       LINHA1 
0000C2 D003           00247         BRA         varre_C1_L2
0000C4 0E05           00248         MOVLW       5
0000C6 6E00           00249         MOVWF       R0 
0000C8 D03B           00250         BRA         fim_varre_tecla
MPASM  5.51                          MAIN.ASM   12-20-2022  4:51:05         PAGE  6


LOC  OBJECT CODE     LINE SOURCE TEXT
  VALUE

                      00251         
0000CA                00252 varre_C1_L2:
                      00253 ; else if(LINHA2) return 8;
0000CA A481           00254         BTFSS       LINHA2 
0000CC D003           00255         BRA         varre_C1_L3
0000CE 0E08           00256         MOVLW       8
0000D0 6E00           00257         MOVWF       R0 
0000D2 D036           00258         BRA         fim_varre_tecla
                      00259         
0000D4                00260 varre_C1_L3:
                      00261 ; else if(LINHA3) return 0;
0000D4 A681           00262         BTFSS       LINHA3 
0000D6 D002           00263         BRA         varre_C2_L0
0000D8 6A00           00264         CLRF        R0 
0000DA D032           00265         BRA         fim_varre_tecla
                      00266         
0000DC                00267 varre_C2_L0:
0000DC 9E81           00268         BCF         COLUNA3 ; COLUNA3 = 0;
0000DE 9881           00269         BCF         COLUNA0 ; COLUNA0 = 0;
0000E0 9A81           00270         BCF         COLUNA1 ; COLUNA1 = 0;
0000E2 8C81           00271         BSF         COLUNA2 ; COLUNA2 = 1;
                      00272 
                      00273 ; if(LINHA0==1) return 3;
0000E4 A081           00274         BTFSS       LINHA0 
0000E6 D003           00275         BRA         varre_C2_L1
0000E8 0E03           00276         MOVLW       3
0000EA 6E00           00277         MOVWF       R0 
0000EC D029           00278         BRA         fim_varre_tecla
                      00279 
0000EE                00280 varre_C2_L1:
                      00281 ; else if(LINHA1) return 6;
0000EE A281           00282         BTFSS       LINHA1 
0000F0 D003           00283         BRA         varre_C2_L2
0000F2 0E06           00284         MOVLW       6
0000F4 6E00           00285         MOVWF       R0 
0000F6 D024           00286         BRA         fim_varre_tecla
                      00287 
0000F8                00288 varre_C2_L2:
                      00289 ; else if(LINHA2) return 9;
0000F8 A481           00290         BTFSS       LINHA2 
0000FA D003           00291         BRA         varre_C2_L3
0000FC 0E09           00292         MOVLW       9
0000FE 6E00           00293         MOVWF       R0 
000100 D01F           00294         BRA         fim_varre_tecla
                      00295 
000102                00296 varre_C2_L3:
                      00297 ; else if(LINHA3) return 0XE;
000102 A681           00298         BTFSS       LINHA3 
000104 D003           00299         BRA         varre_C3_L0
000106 0E0E           00300         MOVLW       14
000108 6E00           00301         MOVWF       R0 
00010A D01A           00302         BRA         fim_varre_tecla
                      00303 
MPASM  5.51                          MAIN.ASM   12-20-2022  4:51:05         PAGE  7


LOC  OBJECT CODE     LINE SOURCE TEXT
  VALUE

00010C                00304 varre_C3_L0:
00010C 9881           00305         BCF         COLUNA0 ; COLUNA0 = 0;
00010E 9A81           00306         BCF         COLUNA1 ; COLUNA1 = 0;
000110 9C81           00307         BCF         COLUNA2 ; COLUNA2 = 0;
000112 8E81           00308         BSF         COLUNA3 ; COLUNA3 = 1;
                      00309 ; if(LINHA0==1) return 0xA;
000114 A081           00310         BTFSS       LINHA0 
000116 D003           00311         BRA         varre_C3_L1
000118 0E0A           00312         MOVLW       10
00011A 6E00           00313         MOVWF       R0 
00011C D011           00314         BRA         fim_varre_tecla
                      00315 
00011E                00316 varre_C3_L1:
                      00317 ; else if(LINHA1) return 0XB;
00011E A281           00318         BTFSS       LINHA1 
000120 D003           00319         BRA         varre_C3_L2
000122 0E0B           00320         MOVLW       11
000124 6E00           00321         MOVWF       R0 
000126 D00C           00322         BRA         fim_varre_tecla
                      00323 
000128                00324 varre_C3_L2:
                      00325 ; else if(LINHA2) return 0XC;
000128 A481           00326         BTFSS       LINHA2 
00012A D003           00327         BRA         varre_C3_L3
00012C 0E0C           00328         MOVLW       12
00012E 6E00           00329         MOVWF       R0 
000130 D007           00330         BRA         fim_varre_tecla
                      00331 
000132                00332 varre_C3_L3:
                      00333 ; else if(LINHA3) return 0XD;
000132 A681           00334         BTFSS       LINHA3 
000134 D003           00335         BRA         nenhuma_tecla
000136 0E0D           00336         MOVLW       13
000138 6E00           00337         MOVWF       R0 
00013A D002           00338         BRA         fim_varre_tecla
                      00339         
00013C                00340 nenhuma_tecla:
                      00341 ; return -1;
00013C 0EFF           00342         MOVLW       255
00013E 6E00           00343         MOVWF       R0 
                      00344 ; }
000140                00345 fim_varre_tecla:
000140 0012           00346         RETURN      0   ; RETURN {s}. If ‘s’= 1, the contents of the shadow registers,
                      00347                                         ;       WS, STATUSS and BSRS, are loaded into their correspondin
                            g 
                      00348                                         ;       registers, W, STATUS and BSR. If ‘s’ = 0, no update of t
                            hese
                      00349                                         ;       registers occurs (default).
                      00350                                         
                      00351 ; end of _varre_tecla
                      00352 
                      00353 ;----------------------------------------------
                      00354 ;Nome: le_teclado_debounce
MPASM  5.51                          MAIN.ASM   12-20-2022  4:51:05         PAGE  8


LOC  OBJECT CODE     LINE SOURCE TEXT
  VALUE

                      00355 ;Descrição: Lê o teclado com debounce, retorna um inteiro correspondente 
                      00356 ;                               ao valor teclado ou, se nada foi teclado, retorna o valor -1
                      00357 ; obs.: utiliza a subrotina varre_tecla e delay_ms
                      00358 ;Param. Entrada: nenhum
                      00359 ;Param. Saída: R0
                      00360 ;Altera: WREG, R0, COLUNAs e LINHAs
                      00361 ;----------------------------------------------
000142                00362 le_teclado_debounce:
                      00363 ; if (varre_tecla()!= -1){
000142 DF9D           00364         RCALL       varre_tecla
000144 5000           00365         MOVF        R0, W 
000146 0AFF           00366         XORLW       255
000148 E004           00367         BZ          nada_teclado
                      00368 ; Delay_100ms(); // Durante a varredura do teclado considerar um tempo de debouncing de 100ms
00014A 0E64           00369         MOVLW           100
00014C DF89           00370         RCALL       delay_ms
                      00371 ; return varre_tecla();
00014E DF97           00372         RCALL       varre_tecla
000150 D7F7           00373         BRA         fim_varre_tecla
                      00374 ; }
000152                00375 nada_teclado:
                      00376 ; return -1 ;
000152 0EFF           00377         MOVLW       255
000154 6E00           00378         MOVWF       R0 
                      00379 ; }
000156                00380 fim_le_teclado:
000156 0012           00381         RETURN      0
                      00382 ; end of _le_teclado
                      00383 
                      00384                 
                      00385 ; **************LOOKUP TABLES
                      00386 ;The offset value (in WREG) specifies the number of
                      00387 ;bytes that the program counter should advance and
                      00388 ;should be multiples of two (LSb = 0).
000158                00389 TAB7SEG:  ;
000158 46E8           00390         RLNCF   WREG ; multiplica o offset por 2 (usar isso apenas na família 18F)
00015A 26F9           00391         addwf PCL       ;soma o offset ao Program Counter para definir a próxima instrução
00015C 0C3F           00392         retlw b'00111111'    ;digit 0
00015E 0C06           00393         retlw b'00000110'    ;digit 1
000160 0C5B           00394         retlw b'01011011'    ;digit 2
000162 0C4F           00395         retlw b'01001111'    ;digit 3
000164 0C66           00396         retlw b'01100110'    ;digit 4
000166 0C6D           00397         retlw b'01101101'    ;digit 5
000168 0C7D           00398         retlw b'01111101'    ;digit 6
00016A 0C07           00399         retlw b'00000111'    ;digit 7
00016C 0C7F           00400         retlw b'01111111'    ;digit 8
00016E 0C6F           00401         retlw b'01101111'    ;digit 9 
000170 0C77           00402         retlw b'01110111'        ;digit A
000172 0C7C           00403         retlw b'01111100'        ;digit B       
000174 0C39           00404         retlw b'00111001'        ;digit C
000176 0C5E           00405         retlw b'01011110'        ;digit D
000178 0C79           00406         retlw b'01111001'        ;digit E
00017A 0C71           00407         retlw b'01110001'        ;digit F
MPASM  5.51                          MAIN.ASM   12-20-2022  4:51:05         PAGE  9


LOC  OBJECT CODE     LINE SOURCE TEXT
  VALUE

                      00408         ; a mesma tabela poderia ter sido feita com a diretiva DT
                      00409         ;dt 3Fh, 06h, 5Bh, 4Fh, 66h, 6Dh, 7Bh, 07h, 7Fh, 6Fh, 77h, 7Ch, 39h, 5Eh, 79h, 71h
                      00410 
                      00411                 
                      00412                 
                      00413         end;
MPASM  5.51                          MAIN.ASM   12-20-2022  4:51:05         PAGE 10


SYMBOL TABLE
  LABEL                             VALUE 

A                                 00000000
ABDEN                             00000000
ABDOVF                            00000007
ACCESS                            00000000
ACKDT                             00000005
ACKEN                             00000004
ACKSTAT                           00000006
ACKTIM                            00000007
ACQT0                             00000003
ACQT1                             00000004
ACQT2                             00000005
ADCMD                             00000000
ADCON0                            00000FC2
ADCON1                            00000FC1
ADCON2                            00000FC0
ADCS0                             00000000
ADCS1                             00000001
ADCS2                             00000002
ADDEN                             00000003
ADDEN1                            00000003
ADDEN2                            00000003
ADEN                              00000003
ADFM                              00000007
ADIE                              00000006
ADIF                              00000006
ADIP                              00000006
ADON                              00000000
ADRES                             00000FC3
ADRESH                            00000FC4
ADRESL                            00000FC3
AHEN                              00000001
AN0                               00000000
AN1                               00000001
AN10                              00000001
AN11                              00000004
AN12                              00000000
AN13                              00000005
AN14                              00000002
AN15                              00000003
AN16                              00000004
AN17                              00000005
AN18                              00000006
AN19                              00000007
AN2                               00000002
AN20                              00000000
AN21                              00000001
AN22                              00000002
AN23                              00000003
AN24                              00000004
AN25                              00000005
AN26                              00000006
AN27                              00000007
AN3                               00000003
MPASM  5.51                          MAIN.ASM   12-20-2022  4:51:05         PAGE 11


SYMBOL TABLE
  LABEL                             VALUE 

AN4                               00000005
AN5                               00000000
AN6                               00000001
AN7                               00000002
AN8                               00000002
AN9                               00000003
ANSA0                             00000000
ANSA1                             00000001
ANSA2                             00000002
ANSA3                             00000003
ANSA5                             00000005
ANSB0                             00000000
ANSB1                             00000001
ANSB2                             00000002
ANSB3                             00000003
ANSB4                             00000004
ANSB5                             00000005
ANSC2                             00000002
ANSC3                             00000003
ANSC4                             00000004
ANSC5                             00000005
ANSC6                             00000006
ANSC7                             00000007
ANSD0                             00000000
ANSD1                             00000001
ANSD2                             00000002
ANSD3                             00000003
ANSD4                             00000004
ANSD5                             00000005
ANSD6                             00000006
ANSD7                             00000007
ANSE0                             00000000
ANSE1                             00000001
ANSE2                             00000002
ANSELA                            00000F38
ANSELB                            00000F39
ANSELC                            00000F3A
ANSELD                            00000F3B
ANSELE                            00000F3C
BANKED                            00000001
BAUD1CON                          00000FB8
BAUD2CON                          00000F70
BAUDCON                           00000FB8
BAUDCON1                          00000FB8
BAUDCON2                          00000F70
BAUDCTL                           00000FB8
BCL1IE                            00000003
BCL1IF                            00000003
BCL1IP                            00000003
BCL2IE                            00000006
BCL2IF                            00000006
BCL2IP                            00000006
BCLIE                             00000003
MPASM  5.51                          MAIN.ASM   12-20-2022  4:51:05         PAGE 12


SYMBOL TABLE
  LABEL                             VALUE 

BCLIF                             00000003
BCLIP                             00000003
BF                                00000000
BGST                              00000005
BGVST                             00000006
BOEN                              00000004
BOR                               00000000
BRG16                             00000003
BRGH                              00000002
BRGH1                             00000002
BRGH2                             00000002
BSR                               00000FE0
C                                 00000000
C12IN0M                           00000000
C12IN0N                           00000000
C12IN1M                           00000001
C12IN1N                           00000001
C12IN2M                           00000003
C12IN2N                           00000003
C12IN3M                           00000001
C12IN3N                           00000001
C1CH0                             00000000
C1CH1                             00000001
C1HYS                             00000003
C1IE                              00000006
C1IF                              00000006
C1INP                             00000003
C1IP                              00000006
C1OE                              00000005
C1ON                              00000007
C1OUT_CM1CON                      00000006
C1OUT_CM1CON0                     00000006
C1OUT_PORTA                       00000004
C1POL                             00000004
C1R                               00000002
C1RSEL                            00000005
C1SP                              00000003
C1SYNC                            00000001
C1TSEL0                           00000000
C1TSEL1                           00000001
C2CH0                             00000000
C2CH1                             00000001
C2HYS                             00000002
C2IE                              00000005
C2IF                              00000005
C2INP                             00000002
C2IP                              00000005
C2OE                              00000005
C2ON                              00000007
C2OUT_CM2CON                      00000006
C2OUT_CM2CON0                     00000006
C2OUT_PORTA                       00000005
C2POL                             00000004
MPASM  5.51                          MAIN.ASM   12-20-2022  4:51:05         PAGE 13


SYMBOL TABLE
  LABEL                             VALUE 

C2R                               00000002
C2RSEL                            00000004
C2SP                              00000003
C2SYNC                            00000000
C2TSEL0                           00000003
C2TSEL1                           00000004
C3TSEL0                           00000006
C3TSEL1                           00000007
C4TSEL0                           00000000
C4TSEL1                           00000001
C5TSEL0                           00000002
C5TSEL1                           00000003
CCP1                              00000002
CCP1AS0                           00000004
CCP1AS1                           00000005
CCP1AS2                           00000006
CCP1ASE                           00000007
CCP1CON                           00000FBD
CCP1IE                            00000002
CCP1IF                            00000002
CCP1IP                            00000002
CCP1M0                            00000000
CCP1M1                            00000001
CCP1M2                            00000002
CCP1M3                            00000003
CCP1MD                            00000000
CCP2AS                            00000F64
CCP2AS0                           00000004
CCP2AS1                           00000005
CCP2AS2                           00000006
CCP2ASE                           00000007
CCP2CON                           00000F66
CCP2IE                            00000000
CCP2IF                            00000000
CCP2IP                            00000000
CCP2M0                            00000000
CCP2M1                            00000001
CCP2M2                            00000002
CCP2M3                            00000003
CCP2MD                            00000001
CCP2_PORTB                        00000003
CCP2_PORTC                        00000001
CCP3AS                            00000F5B
CCP3AS0                           00000004
CCP3AS1                           00000005
CCP3AS2                           00000006
CCP3ASE                           00000007
CCP3CON                           00000F5D
CCP3IE                            00000000
CCP3IF                            00000000
CCP3IP                            00000000
CCP3M0                            00000000
CCP3M1                            00000001
MPASM  5.51                          MAIN.ASM   12-20-2022  4:51:05         PAGE 14


SYMBOL TABLE
  LABEL                             VALUE 

CCP3M2                            00000002
CCP3M3                            00000003
CCP3MD                            00000002
CCP3_PORTB                        00000005
CCP3_PORTE                        00000000
CCP4                              00000001
CCP4CON                           00000F57
CCP4IE                            00000001
CCP4IF                            00000001
CCP4IP                            00000001
CCP4M0                            00000000
CCP4M1                            00000001
CCP4M2                            00000002
CCP4M3                            00000003
CCP4MD                            00000003
CCP5                              00000002
CCP5CON                           00000F54
CCP5IE                            00000002
CCP5IF                            00000002
CCP5IP                            00000002
CCP5M0                            00000000
CCP5M1                            00000001
CCP5M2                            00000002
CCP5M3                            00000003
CCP5MD                            00000004
CCPR1                             00000FBE
CCPR1H                            00000FBF
CCPR1L                            00000FBE
CCPR2                             00000F67
CCPR2H                            00000F68
CCPR2L                            00000F67
CCPR3                             00000F5E
CCPR3H                            00000F5F
CCPR3L                            00000F5E
CCPR4                             00000F58
CCPR4H                            00000F59
CCPR4L                            00000F58
CCPR5                             00000F55
CCPR5H                            00000F56
CCPR5L                            00000F55
CCPTMRS0                          00000F49
CCPTMRS1                          00000F48
CFGS                              00000006
CHS0                              00000002
CHS1                              00000003
CHS2                              00000004
CHS3                              00000005
CHS4                              00000006
CK                                00000006
CK1                               00000006
CK2                               00000006
CKE                               00000006
CKP                               00000004
MPASM  5.51                          MAIN.ASM   12-20-2022  4:51:05         PAGE 15


SYMBOL TABLE
  LABEL                             VALUE 

CKTXP                             00000004
CM12CON                           00000F77
CM1CON                            00000F79
CM1CON0                           00000F79
CM2CON                            00000F78
CM2CON0                           00000F78
CM2CON1                           00000F77
CMP1MD                            00000001
CMP2MD                            00000002
COLUNA0                           PORTB,RB4
COLUNA1                           PORTB,RB5
COLUNA2                           PORTB,RB6
COLUNA3                           PORTB,RB7
COUNTER1                          00000001
COUNTER2                          00000002
CREN                              00000004
CREN1                             00000004
CREN2                             00000004
CSRC                              00000007
CSRC1                             00000007
CSRC2                             00000007
CTED1                             00000002
CTED2                             00000003
CTMUCON0                          00000F45
CTMUCON1                          00000F44
CTMUCONH                          00000F45
CTMUCONL                          00000F44
CTMUEN                            00000007
CTMUICON                          00000F43
CTMUICONH                         00000F43
CTMUIE                            00000003
CTMUIF                            00000003
CTMUIP                            00000003
CTMUMD                            00000003
CTMUSIDL                          00000005
CTPLS                             00000002
CTTRIG                            00000000
CVREF                             00000002
D                                 00000005
DACCON0                           00000F41
DACCON1                           00000F40
DACEN                             00000007
DACLPS                            00000006
DACNSS                            00000000
DACOE                             00000005
DACOUT                            00000002
DACPSS0                           00000002
DACPSS1                           00000003
DACR0                             00000000
DACR1                             00000001
DACR2                             00000002
DACR3                             00000003
DACR4                             00000004
MPASM  5.51                          MAIN.ASM   12-20-2022  4:51:05         PAGE 16


SYMBOL TABLE
  LABEL                             VALUE 

DC                                00000001
DC1B0                             00000004
DC1B1                             00000005
DC2B0                             00000004
DC2B1                             00000005
DC3B0                             00000004
DC3B1                             00000005
DC4B0                             00000004
DC4B1                             00000005
DC5B0                             00000004
DC5B1                             00000005
DDRA                              TRISA
DDRB                              TRISB
DDRC                              TRISC
DDRD                              TRISD
DDRE                              TRISE
DHEN                              00000000
DISP7SEG                          00000F83
DISP_MUX                          00000F80
DONE                              00000001
DT1                               00000007
DT2                               00000007
DTRXP                             00000005
D_A                               00000005
D_NOT_A                           00000005
ECCP1AS                           00000FB6
ECCP2AS                           00000F64
ECCP3AS                           00000F5B
ECCPAS                            00000FB6
ECCPAS0                           00000004
ECCPAS1                           00000005
ECCPAS2                           00000006
ECCPASE                           00000007
EDG1POL                           00000004
EDG1SEL0                          00000002
EDG1SEL1                          00000003
EDG1STAT                          00000000
EDG2POL                           00000007
EDG2SEL0                          00000005
EDG2SEL1                          00000006
EDG2STAT                          00000001
EDGEN                             00000003
EDGSEQEN                          00000002
EEADR                             00000FA9
EEADR0                            00000000
EEADR1                            00000001
EEADR2                            00000002
EEADR3                            00000003
EEADR4                            00000004
EEADR5                            00000005
EEADR6                            00000006
EEADR7                            00000007
EECON1                            00000FA6
MPASM  5.51                          MAIN.ASM   12-20-2022  4:51:05         PAGE 17


SYMBOL TABLE
  LABEL                             VALUE 

EECON2                            00000FA7
EEDATA                            00000FA8
EEIE                              00000004
EEIF                              00000004
EEIP                              00000004
EEPGD                             00000007
FAST                              00000001
FERR                              00000002
FERR1                             00000002
FERR2                             00000002
FLT0                              00000000
FREE                              00000004
FSR0                              00000000
FSR0H                             00000FEA
FSR0L                             00000FE9
FSR1                              00000001
FSR1H                             00000FE2
FSR1L                             00000FE1
FSR2                              00000002
FSR2H                             00000FDA
FSR2L                             00000FD9
FVRCON                            00000F42
FVREN                             00000007
FVRS0                             00000004
FVRS1                             00000005
FVRST                             00000006
GCEN                              00000007
GIE                               00000007
GIEH                              00000007
GIEL                              00000006
GIE_GIEH                          00000007
GO                                00000001
GO_DONE                           00000001
GO_NOT_DONE                       00000001
HFIOFS                            00000002
HLVDCON                           00000F9C
HLVDEN                            00000004
HLVDIE                            00000002
HLVDIF                            00000002
HLVDIN                            00000005
HLVDIP                            00000002
HLVDL0                            00000000
HLVDL1                            00000001
HLVDL2                            00000002
HLVDL3                            00000003
IDISSEN                           00000001
IDLEN                             00000007
INDF0                             00000FEF
INDF1                             00000FE7
INDF2                             00000FDF
INICIO                            0000001A
INT0                              00000000
INT0E                             00000004
MPASM  5.51                          MAIN.ASM   12-20-2022  4:51:05         PAGE 18


SYMBOL TABLE
  LABEL                             VALUE 

INT0F                             00000001
INT0IE                            00000004
INT0IF                            00000001
INT1                              00000001
INT1E                             00000003
INT1F                             00000000
INT1IE                            00000003
INT1IF                            00000000
INT1IP                            00000006
INT1P                             00000006
INT2                              00000002
INT2E                             00000004
INT2F                             00000001
INT2IE                            00000004
INT2IF                            00000001
INT2IP                            00000007
INT2P                             00000007
INTCON                            00000FF2
INTCON2                           00000FF1
INTCON3                           00000FF0
INTEDG0                           00000006
INTEDG1                           00000005
INTEDG2                           00000004
INTSRC                            00000007
IOCB                              00000F62
IOCB4                             00000004
IOCB5                             00000005
IOCB6                             00000006
IOCB7                             00000007
IOFS                              00000002
IPEN                              00000007
IPR1                              00000F9F
IPR2                              00000FA2
IPR3                              00000FA5
IPR4                              00000F7C
IPR5                              00000F7F
IRCF0                             00000004
IRCF1                             00000005
IRCF2                             00000006
IRNG0                             00000000
IRNG1                             00000001
IRVST                             00000005
ITRIM0                            00000002
ITRIM1                            00000003
ITRIM2                            00000004
ITRIM3                            00000005
ITRIM4                            00000006
ITRIM5                            00000007
IVRST                             00000005
KBI0                              00000004
KBI1                              00000005
KBI2                              00000006
KBI3                              00000007
MPASM  5.51                          MAIN.ASM   12-20-2022  4:51:05         PAGE 19


SYMBOL TABLE
  LABEL                             VALUE 

LATA                              00000F89
LATA0                             00000000
LATA1                             00000001
LATA2                             00000002
LATA3                             00000003
LATA4                             00000004
LATA5                             00000005
LATA6                             00000006
LATA7                             00000007
LATB                              00000F8A
LATB0                             00000000
LATB1                             00000001
LATB2                             00000002
LATB3                             00000003
LATB4                             00000004
LATB5                             00000005
LATB6                             00000006
LATB7                             00000007
LATC                              00000F8B
LATC0                             00000000
LATC1                             00000001
LATC2                             00000002
LATC3                             00000003
LATC4                             00000004
LATC5                             00000005
LATC6                             00000006
LATC7                             00000007
LATD                              00000F8C
LATD0                             00000000
LATD1                             00000001
LATD2                             00000002
LATD3                             00000003
LATD4                             00000004
LATD5                             00000005
LATD6                             00000006
LATD7                             00000007
LATE                              00000F8D
LATE0                             00000000
LATE1                             00000001
LATE2                             00000002
LFIOFS                            00000000
LINHA0                            PORTB,RB0
LINHA1                            PORTB,RB1
LINHA2                            PORTB,RB2
LINHA3                            PORTB,RB3
LVDCON                            00000F9C
LVDEN                             00000004
LVDIE                             00000002
LVDIF                             00000002
LVDIN                             00000005
LVDIP                             00000002
LVDL0                             00000000
LVDL1                             00000001
MPASM  5.51                          MAIN.ASM   12-20-2022  4:51:05         PAGE 20


SYMBOL TABLE
  LABEL                             VALUE 

LVDL2                             00000002
LVDL3                             00000003
LVV0                              00000000
LVV1                              00000001
LVV2                              00000002
LVV3                              00000003
MC1OUT                            00000007
MC2OUT                            00000006
MCLR                              00000003
MFIOFS                            00000001
MFIOSEL                           00000004
MSK0                              00000000
MSK1                              00000001
MSK2                              00000002
MSK3                              00000003
MSK4                              00000004
MSK5                              00000005
MSK6                              00000006
MSK7                              00000007
MSSP1MD                           00000006
MSSP2MD                           00000007
N                                 00000004
NOT_A                             00000005
NOT_ADDRESS                       00000005
NOT_BOR                           00000000
NOT_DONE                          00000001
NOT_MCLR                          00000003
NOT_PD                            00000002
NOT_POR                           00000001
NOT_RBPU                          00000007
NOT_RI                            00000004
NOT_SS                            00000005
NOT_SS1                           00000005
NOT_SS2                           00000003
NOT_T1SYNC                        00000002
NOT_T3SYNC                        00000002
NOT_T5SYNC                        00000002
NOT_TO                            00000003
NOT_W                             00000002
NOT_WRITE                         00000002
NUM_MS                            00000003
NVCFG0                            00000000
NVCFG1                            00000001
OERR                              00000001
OERR1                             00000001
OERR2                             00000001
OSCCON                            00000FD3
OSCCON2                           00000FD2
OSCFIE                            00000007
OSCFIF                            00000007
OSCFIP                            00000007
OSCTUNE                           00000F9B
OSTS                              00000003
MPASM  5.51                          MAIN.ASM   12-20-2022  4:51:05         PAGE 21


SYMBOL TABLE
  LABEL                             VALUE 

OV                                00000003
P                                 00000004
P1A                               00000002
P1B                               00000005
P1C                               00000006
P1D                               00000007
P1DC0                             00000000
P1DC1                             00000001
P1DC2                             00000002
P1DC3                             00000003
P1DC4                             00000004
P1DC5                             00000005
P1DC6                             00000006
P1M0                              00000006
P1M1                              00000007
P1RSEN                            00000007
P1SSAC0                           00000002
P1SSAC1                           00000003
P1SSBD0                           00000000
P1SSBD1                           00000001
P2A_PORTB                         00000003
P2A_PORTC                         00000001
P2B_PORTC                         00000000
P2B_PORTD                         00000002
P2C                               00000003
P2D                               00000004
P2DC0                             00000000
P2DC1                             00000001
P2DC2                             00000002
P2DC3                             00000003
P2DC4                             00000004
P2DC5                             00000005
P2DC6                             00000006
P2M0                              00000006
P2M1                              00000007
P2RSEN                            00000007
P2SSAC0                           00000002
P2SSAC1                           00000003
P2SSBD0                           00000000
P2SSBD1                           00000001
P3A_PORTB                         00000005
P3A_PORTE                         00000000
P3B                               00000001
P3DC0                             00000000
P3DC1                             00000001
P3DC2                             00000002
P3DC3                             00000003
P3DC4                             00000004
P3DC5                             00000005
P3DC6                             00000006
P3M0                              00000006
P3M1                              00000007
P3RSEN                            00000007
MPASM  5.51                          MAIN.ASM   12-20-2022  4:51:05         PAGE 22


SYMBOL TABLE
  LABEL                             VALUE 

P3SSAC0                           00000002
P3SSAC1                           00000003
P3SSBD0                           00000000
P3SSBD1                           00000001
PC                                00000FF9
PCIE                              00000006
PCL                               00000FF9
PCLATH                            00000FFA
PCLATU                            00000FFB
PD                                00000002
PDC0                              00000000
PDC1                              00000001
PDC2                              00000002
PDC3                              00000003
PDC4                              00000004
PDC5                              00000005
PDC6                              00000006
PEIE                              00000006
PEIE_GIEL                         00000006
PEN                               00000002
PGC                               00000006
PGD                               00000007
PIE1                              00000F9D
PIE2                              00000FA0
PIE3                              00000FA3
PIE4                              00000F7A
PIE5                              00000F7D
PIR1                              00000F9E
PIR2                              00000FA1
PIR3                              00000FA4
PIR4                              00000F7B
PIR5                              00000F7E
PLLEN                             00000006
PLLRDY                            00000007
PLUSW0                            00000FEB
PLUSW1                            00000FE3
PLUSW2                            00000FDB
PMD0                              00000F3F
PMD1                              00000F3E
PMD2                              00000F3D
POR                               00000001
PORTA                             00000F80
PORTB                             00000F81
PORTC                             00000F82
PORTD                             00000F83
PORTE                             00000F84
POSTDEC0                          00000FED
POSTDEC1                          00000FE5
POSTDEC2                          00000FDD
POSTINC0                          00000FEE
POSTINC1                          00000FE6
POSTINC2                          00000FDE
PR2                               00000FBB
MPASM  5.51                          MAIN.ASM   12-20-2022  4:51:05         PAGE 23


SYMBOL TABLE
  LABEL                             VALUE 

PR4                               00000F52
PR6                               00000F4B
PREINC0                           00000FEC
PREINC1                           00000FE4
PREINC2                           00000FDC
PRISD                             00000002
PROD                              00000FF3
PRODH                             00000FF4
PRODL                             00000FF3
PRSEN                             00000007
PSA                               00000003
PSS1AC0                           00000002
PSS1AC1                           00000003
PSS1BD0                           00000000
PSS1BD1                           00000001
PSS2AC0                           00000002
PSS2AC1                           00000003
PSS2BD0                           00000000
PSS2BD1                           00000001
PSS3AC0                           00000002
PSS3AC1                           00000003
PSS3BD0                           00000000
PSS3BD1                           00000001
PSSAC0                            00000002
PSSAC1                            00000003
PSSBD0                            00000000
PSSBD1                            00000001
PSTR1CON                          00000FB9
PSTR2CON                          00000F63
PSTR3CON                          00000F5A
PSTRCON                           00000FB9
PVCFG0                            00000002
PVCFG1                            00000003
PWM1CON                           00000FB7
PWM2CON                           00000F65
PWM3CON                           00000F5C
PWMCON                            00000FB7
R                                 00000002
R0                                00000000
RA0                               00000000
RA1                               00000001
RA2                               00000002
RA3                               00000003
RA4                               00000004
RA5                               00000005
RA6                               00000006
RA7                               00000007
RB0                               00000000
RB1                               00000001
RB2                               00000002
RB3                               00000003
RB4                               00000004
RB5                               00000005
MPASM  5.51                          MAIN.ASM   12-20-2022  4:51:05         PAGE 24


SYMBOL TABLE
  LABEL                             VALUE 

RB6                               00000006
RB7                               00000007
RBIE                              00000003
RBIF                              00000000
RBIP                              00000000
RBPU                              00000007
RC0                               00000000
RC1                               00000001
RC1IE                             00000005
RC1IF                             00000005
RC1IP                             00000005
RC1REG                            00000FAE
RC1STA                            00000FAB
RC2                               00000002
RC2IE                             00000005
RC2IF                             00000005
RC2IP                             00000005
RC2REG                            00000F74
RC2STA                            00000F71
RC3                               00000003
RC4                               00000004
RC5                               00000005
RC6                               00000006
RC7                               00000007
RCEN                              00000003
RCIDL                             00000006
RCIE                              00000005
RCIF                              00000005
RCIP                              00000005
RCON                              00000FD0
RCREG                             00000FAE
RCREG1                            00000FAE
RCREG2                            00000F74
RCSTA                             00000FAB
RCSTA1                            00000FAB
RCSTA2                            00000F71
RD                                00000000
RD0                               00000000
RD1                               00000001
RD16                              00000001
RD2                               00000002
RD3                               00000003
RD4                               00000004
RD5                               00000005
RD6                               00000006
RD7                               00000007
RE0                               00000000
RE1                               00000001
RE2                               00000002
RE3                               00000003
RI                                00000004
RSEN                              00000001
RX                                00000007
MPASM  5.51                          MAIN.ASM   12-20-2022  4:51:05         PAGE 25


SYMBOL TABLE
  LABEL                             VALUE 

RX1                               00000007
RX2                               00000007
RX9                               00000006
RX91                              00000006
RX92                              00000006
RX9D                              00000000
RX9D1                             00000000
RX9D2                             00000000
R_NOT_W                           00000002
R_W                               00000002
S                                 00000003
SBCDE                             00000002
SBOREN                            00000006
SCIE                              00000005
SCK                               00000003
SCK1                              00000003
SCK2                              00000000
SCKP                              00000004
SCL                               00000003
SCL1                              00000003
SCL2                              00000000
SCS0                              00000000
SCS1                              00000001
SDA                               00000004
SDA1                              00000004
SDA2                              00000001
SDAHT                             00000003
SDI                               00000004
SDI1                              00000004
SDI2                              00000001
SDO                               00000005
SDO1                              00000005
SDO2                              00000004
SEN                               00000000
SENDB                             00000003
SENDB1                            00000003
SENDB2                            00000003
SLRA                              00000000
SLRB                              00000001
SLRC                              00000002
SLRCON                            00000F60
SLRD                              00000003
SLRE                              00000004
SMP                               00000007
SOSCGO                            00000003
SOSCRUN                           00000006
SP0                               00000000
SP1                               00000001
SP1BRG                            00000FAF
SP1BRGH                           00000FB0
SP2                               00000002
SP2BRG                            00000F75
SP2BRGH                           00000F76
MPASM  5.51                          MAIN.ASM   12-20-2022  4:51:05         PAGE 26


SYMBOL TABLE
  LABEL                             VALUE 

SP3                               00000003
SP4                               00000004
SPBRG                             00000FAF
SPBRG1                            00000FAF
SPBRG2                            00000F75
SPBRGH                            00000FB0
SPBRGH1                           00000FB0
SPBRGH2                           00000F76
SPEN                              00000007
SPEN1                             00000007
SPEN2                             00000007
SRCLK0                            00000004
SRCLK1                            00000005
SRCLK2                            00000006
SRCON0                            00000F47
SRCON1                            00000F46
SREN                              00000005
SREN1                             00000005
SREN2                             00000005
SRI                               00000000
SRLEN                             00000007
SRNQ                              00000005
SRNQEN                            00000002
SRPR                              00000000
SRPS                              00000001
SRQ                               00000004
SRQEN                             00000003
SRRC1E                            00000000
SRRC2E                            00000001
SRRCKE                            00000002
SRRPE                             00000003
SRSC1E                            00000004
SRSC2E                            00000005
SRSCKE                            00000006
SRSPE                             00000007
SS                                00000005
SS1                               00000005
SS2                               00000003
SSP1ADD                           00000FC8
SSP1BUF                           00000FC9
SSP1CON1                          00000FC6
SSP1CON2                          00000FC5
SSP1CON3                          00000FCB
SSP1IE                            00000003
SSP1IF                            00000003
SSP1IP                            00000003
SSP1MSK                           00000FCA
SSP1STAT                          00000FC7
SSP2ADD                           00000F6E
SSP2BUF                           00000F6F
SSP2CON1                          00000F6C
SSP2CON2                          00000F6B
SSP2CON3                          00000F69
MPASM  5.51                          MAIN.ASM   12-20-2022  4:51:05         PAGE 27


SYMBOL TABLE
  LABEL                             VALUE 

SSP2IE                            00000007
SSP2IF                            00000007
SSP2IP                            00000007
SSP2MSK                           00000F6A
SSP2STAT                          00000F6D
SSPADD                            00000FC8
SSPBUF                            00000FC9
SSPCON1                           00000FC6
SSPCON2                           00000FC5
SSPCON3                           00000FCB
SSPEN                             00000005
SSPIE                             00000003
SSPIF                             00000003
SSPIP                             00000003
SSPM0                             00000000
SSPM1                             00000001
SSPM2                             00000002
SSPM3                             00000003
SSPMSK                            00000FCA
SSPOV                             00000006
SSPSTAT                           00000FC7
STATUS                            00000FD8
STKFUL                            00000007
STKOVF                            00000007
STKPTR                            00000FFC
STKPTR0                           00000000
STKPTR1                           00000001
STKPTR2                           00000002
STKPTR3                           00000003
STKPTR4                           00000004
STKUNF                            00000006
STR1A                             00000000
STR1B                             00000001
STR1C                             00000002
STR1D                             00000003
STR1SYNC                          00000004
STR2A                             00000000
STR2B                             00000001
STR2C                             00000002
STR2D                             00000003
STR2SYNC                          00000004
STR3A                             00000000
STR3B                             00000001
STR3C                             00000002
STR3D                             00000003
STR3SYNC                          00000004
SWDTE                             00000000
SWDTEN                            00000000
SYNC                              00000004
SYNC1                             00000004
SYNC2                             00000004
T08BIT                            00000006
T0CKI                             00000004
MPASM  5.51                          MAIN.ASM   12-20-2022  4:51:05         PAGE 28


SYMBOL TABLE
  LABEL                             VALUE 

T0CON                             00000FD5
T0CS                              00000005
T0IE                              00000005
T0IF                              00000002
T0PS0                             00000000
T0PS1                             00000001
T0PS2                             00000002
T0SE                              00000004
T1CKI                             00000000
T1CKPS0                           00000004
T1CKPS1                           00000005
T1CON                             00000FCD
T1G                               00000005
T1GCON                            00000FCC
T1GGO                             00000003
T1GGO_NOT_DONE                    00000003
T1GPOL                            00000006
T1GSPM                            00000004
T1GSS0                            00000000
T1GSS1                            00000001
T1GTM                             00000005
T1GVAL                            00000002
T1G_DONE                          00000003
T1OSCEN                           00000003
T1OSI                             00000001
T1OSO                             00000000
T1RD16                            00000001
T1SOSCEN                          00000003
T1SYNC                            00000002
T2CKPS0                           00000000
T2CKPS1                           00000001
T2CON                             00000FBA
T2OUTPS0                          00000003
T2OUTPS1                          00000004
T2OUTPS2                          00000005
T2OUTPS3                          00000006
T3CKI_PORTB                       00000005
T3CKI_PORTC                       00000000
T3CKPS0                           00000004
T3CKPS1                           00000005
T3CON                             00000FB1
T3G                               00000000
T3GCON                            00000FB4
T3GGO                             00000003
T3GGO_NOT_DONE                    00000003
T3GPOL                            00000006
T3GSPM                            00000004
T3GSS0                            00000000
T3GSS1                            00000001
T3GTM                             00000005
T3GVAL                            00000002
T3G_DONE                          00000003
T3OSCEN                           00000003
MPASM  5.51                          MAIN.ASM   12-20-2022  4:51:05         PAGE 29


SYMBOL TABLE
  LABEL                             VALUE 

T3RD16                            00000001
T3SOSCEN                          00000003
T4CKPS0                           00000000
T4CKPS1                           00000001
T4CON                             00000F51
T4OUTPS0                          00000003
T4OUTPS1                          00000004
T4OUTPS2                          00000005
T4OUTPS3                          00000006
T5CKI                             00000002
T5CKPS0                           00000004
T5CKPS1                           00000005
T5CON                             00000F4E
T5G                               00000004
T5GCON                            00000F4D
T5GGO                             00000003
T5GGO_NOT_DONE                    00000003
T5GPOL                            00000006
T5GSPM                            00000004
T5GSS0                            00000000
T5GSS1                            00000001
T5GTM                             00000005
T5GVAL                            00000002
T5G_DONE                          00000003
T5RD16                            00000001
T5SOSCEN                          00000003
T5SYNC                            00000002
T6CKPS0                           00000000
T6CKPS1                           00000001
T6CON                             00000F4A
T6OUTPS0                          00000003
T6OUTPS1                          00000004
T6OUTPS2                          00000005
T6OUTPS3                          00000006
TAB7SEG                           00000158
TABLAT                            00000FF5
TBLPTR                            00000FF6
TBLPTRH                           00000FF7
TBLPTRL                           00000FF6
TBLPTRU                           00000FF8
TGEN                              00000004
TMR0                              00000FD6
TMR0H                             00000FD7
TMR0IE                            00000005
TMR0IF                            00000002
TMR0IP                            00000002
TMR0L                             00000FD6
TMR0ON                            00000007
TMR1                              00000FCE
TMR1CS0                           00000006
TMR1CS1                           00000007
TMR1GE                            00000007
TMR1GIE                           00000000
MPASM  5.51                          MAIN.ASM   12-20-2022  4:51:05         PAGE 30


SYMBOL TABLE
  LABEL                             VALUE 

TMR1GIF                           00000000
TMR1GIP                           00000000
TMR1H                             00000FCF
TMR1IE                            00000000
TMR1IF                            00000000
TMR1IP                            00000000
TMR1L                             00000FCE
TMR1MD                            00000000
TMR1ON                            00000000
TMR2                              00000FBC
TMR2IE                            00000001
TMR2IF                            00000001
TMR2IP                            00000001
TMR2MD                            00000001
TMR2ON                            00000002
TMR3                              00000FB2
TMR3CS0                           00000006
TMR3CS1                           00000007
TMR3GE                            00000007
TMR3GIE                           00000001
TMR3GIF                           00000001
TMR3GIP                           00000001
TMR3H                             00000FB3
TMR3IE                            00000001
TMR3IF                            00000001
TMR3IP                            00000001
TMR3L                             00000FB2
TMR3MD                            00000002
TMR3ON                            00000000
TMR4                              00000F53
TMR4IE                            00000000
TMR4IF                            00000000
TMR4IP                            00000000
TMR4MD                            00000003
TMR4ON                            00000002
TMR5                              00000F4F
TMR5CS0                           00000006
TMR5CS1                           00000007
TMR5GE                            00000007
TMR5GIE                           00000002
TMR5GIF                           00000002
TMR5GIP                           00000002
TMR5H                             00000F50
TMR5IE                            00000001
TMR5IF                            00000001
TMR5IP                            00000001
TMR5L                             00000F4F
TMR5MD                            00000004
TMR5ON                            00000000
TMR6                              00000F4C
TMR6IE                            00000002
TMR6IF                            00000002
TMR6IP                            00000002
MPASM  5.51                          MAIN.ASM   12-20-2022  4:51:05         PAGE 31


SYMBOL TABLE
  LABEL                             VALUE 

TMR6MD                            00000005
TMR6ON                            00000002
TO                                00000003
TOS                               00000FFD
TOSH                              00000FFE
TOSL                              00000FFD
TOSU                              00000FFF
TRIGSEL                           00000007
TRISA                             00000F92
TRISA0                            00000000
TRISA1                            00000001
TRISA2                            00000002
TRISA3                            00000003
TRISA4                            00000004
TRISA5                            00000005
TRISA6                            00000006
TRISA7                            00000007
TRISB                             00000F93
TRISB0                            00000000
TRISB1                            00000001
TRISB2                            00000002
TRISB3                            00000003
TRISB4                            00000004
TRISB5                            00000005
TRISB6                            00000006
TRISB7                            00000007
TRISC                             00000F94
TRISC0                            00000000
TRISC1                            00000001
TRISC2                            00000002
TRISC3                            00000003
TRISC4                            00000004
TRISC5                            00000005
TRISC6                            00000006
TRISC7                            00000007
TRISD                             00000F95
TRISD0                            00000000
TRISD1                            00000001
TRISD2                            00000002
TRISD3                            00000003
TRISD4                            00000004
TRISD5                            00000005
TRISD6                            00000006
TRISD7                            00000007
TRISE                             00000F96
TRISE0                            00000000
TRISE1                            00000001
TRISE2                            00000002
TRMT                              00000001
TRMT1                             00000001
TRMT2                             00000001
TUN0                              00000000
TUN1                              00000001
MPASM  5.51                          MAIN.ASM   12-20-2022  4:51:05         PAGE 32


SYMBOL TABLE
  LABEL                             VALUE 

TUN2                              00000002
TUN3                              00000003
TUN4                              00000004
TUN5                              00000005
TX                                00000006
TX1                               00000006
TX1IE                             00000004
TX1IF                             00000004
TX1IP                             00000004
TX1REG                            00000FAD
TX1STA                            00000FAC
TX2                               00000006
TX2IE                             00000004
TX2IF                             00000004
TX2IP                             00000004
TX2REG                            00000F73
TX2STA                            00000F72
TX9                               00000006
TX91                              00000006
TX92                              00000006
TX9D                              00000000
TX9D1                             00000000
TX9D2                             00000000
TXEN                              00000005
TXEN1                             00000005
TXEN2                             00000005
TXIE                              00000004
TXIF                              00000004
TXIP                              00000004
TXREG                             00000FAD
TXREG1                            00000FAD
TXREG2                            00000F73
TXSTA                             00000FAC
TXSTA1                            00000FAC
TXSTA2                            00000F72
UA                                00000001
UART1MD                           00000006
UART2MD                           00000007
VDIRMAG                           00000007
VPP                               00000003
VREFCON0                          00000F42
VREFCON1                          00000F41
VREFCON2                          00000F40
VREFM                             00000002
VREFN                             00000002
VREFP                             00000003
W                                 00000000
WCOL                              00000007
WDTCON                            00000FD1
WPUB                              00000F61
WPUB0                             00000000
WPUB1                             00000001
WPUB2                             00000002
MPASM  5.51                          MAIN.ASM   12-20-2022  4:51:05         PAGE 33


SYMBOL TABLE
  LABEL                             VALUE 

WPUB3                             00000003
WPUB4                             00000004
WPUB5                             00000005
WPUB6                             00000006
WPUB7                             00000007
WPUE3                             00000007
WR                                00000001
WREG                              00000FE8
WREN                              00000002
WRERR                             00000003
WUE                               00000001
Z                                 00000002
_BOREN_NOSLP_2L                   000000FD
_BOREN_OFF_2L                     000000F9
_BOREN_ON_2L                      000000FB
_BOREN_SBORDIS_2L                 000000FF
_BORV_190_2L                      000000FF
_BORV_220_2L                      000000F7
_BORV_250_2L                      000000EF
_BORV_285_2L                      000000E7
_CCP2MX_PORTB3_3H                 000000FE
_CCP2MX_PORTC1_3H                 000000FF
_CCP3MX_PORTB5_3H                 000000FF
_CCP3MX_PORTE0_3H                 000000FB
_CONFIG1H                         00300001
_CONFIG2H                         00300003
_CONFIG2L                         00300002
_CONFIG3H                         00300005
_CONFIG4L                         00300006
_CONFIG5H                         00300009
_CONFIG5L                         00300008
_CONFIG6H                         0030000B
_CONFIG6L                         0030000A
_CONFIG7H                         0030000D
_CONFIG7L                         0030000C
_CP0_OFF_5L                       000000FF
_CP0_ON_5L                        000000FE
_CP1_OFF_5L                       000000FF
_CP1_ON_5L                        000000FD
_CP2_OFF_5L                       000000FF
_CP2_ON_5L                        000000FB
_CP3_OFF_5L                       000000FF
_CP3_ON_5L                        000000F7
_CPB_OFF_5H                       000000FF
_CPB_ON_5H                        000000BF
_CPD_OFF_5H                       000000FF
_CPD_ON_5H                        0000007F
_DEBUG_OFF_4L                     000000FF
_DEBUG_ON_4L                      0000007F
_DEVID1                           003FFFFE
_DEVID2                           003FFFFF
_EBTR0_OFF_7L                     000000FF
_EBTR0_ON_7L                      000000FE
MPASM  5.51                          MAIN.ASM   12-20-2022  4:51:05         PAGE 34


SYMBOL TABLE
  LABEL                             VALUE 

_EBTR1_OFF_7L                     000000FF
_EBTR1_ON_7L                      000000FD
_EBTR2_OFF_7L                     000000FF
_EBTR2_ON_7L                      000000FB
_EBTR3_OFF_7L                     000000FF
_EBTR3_ON_7L                      000000F7
_EBTRB_OFF_7H                     000000FF
_EBTRB_ON_7H                      000000BF
_FCMEN_OFF_1H                     000000BF
_FCMEN_ON_1H                      000000FF
_FOSC_ECHPIO6_1H                  000000F5
_FOSC_ECHP_1H                     000000F4
_FOSC_ECLPIO6_1H                  000000FD
_FOSC_ECLP_1H                     000000FC
_FOSC_ECMPIO6_1H                  000000FB
_FOSC_ECMP_1H                     000000FA
_FOSC_HSHP_1H                     000000F2
_FOSC_HSMP_1H                     000000F3
_FOSC_INTIO67_1H                  000000F8
_FOSC_INTIO7_1H                   000000F9
_FOSC_LP_1H                       000000F0
_FOSC_RCIO6_1H                    000000F7
_FOSC_RC_1H                       000000F6
_FOSC_XT_1H                       000000F1
_HFOFST_OFF_3H                    000000F7
_HFOFST_ON_3H                     000000FF
_IDLOC0                           00200000
_IDLOC1                           00200001
_IDLOC2                           00200002
_IDLOC3                           00200003
_IDLOC4                           00200004
_IDLOC5                           00200005
_IDLOC6                           00200006
_IDLOC7                           00200007
_IESO_OFF_1H                      0000007F
_IESO_ON_1H                       000000FF
_LVP_OFF_4L                       000000FB
_LVP_ON_4L                        000000FF
_MCLRE_EXTMCLR_3H                 000000FF
_MCLRE_INTMCLR_3H                 0000007F
_P2BMX_PORTC0_3H                  000000DF
_P2BMX_PORTD2_3H                  000000FF
_PBADEN_OFF_3H                    000000FD
_PBADEN_ON_3H                     000000FF
_PLLCFG_OFF_1H                    000000EF
_PLLCFG_ON_1H                     000000FF
_PRICLKEN_OFF_1H                  000000DF
_PRICLKEN_ON_1H                   000000FF
_PWRTEN_OFF_2L                    000000FF
_PWRTEN_ON_2L                     000000FE
_STVREN_OFF_4L                    000000FE
_STVREN_ON_4L                     000000FF
_T3CMX_PORTB5_3H                  000000EF
MPASM  5.51                          MAIN.ASM   12-20-2022  4:51:05         PAGE 35


SYMBOL TABLE
  LABEL                             VALUE 

_T3CMX_PORTC0_3H                  000000FF
_WDTEN_NOSLP_2H                   000000FD
_WDTEN_OFF_2H                     000000FC
_WDTEN_ON_2H                      000000FF
_WDTEN_SWON_2H                    000000FE
_WDTPS_1024_2H                    000000EB
_WDTPS_128_2H                     000000DF
_WDTPS_16384_2H                   000000FB
_WDTPS_16_2H                      000000D3
_WDTPS_1_2H                       000000C3
_WDTPS_2048_2H                    000000EF
_WDTPS_256_2H                     000000E3
_WDTPS_2_2H                       000000C7
_WDTPS_32768_2H                   000000FF
_WDTPS_32_2H                      000000D7
_WDTPS_4096_2H                    000000F3
_WDTPS_4_2H                       000000CB
_WDTPS_512_2H                     000000E7
_WDTPS_64_2H                      000000DB
_WDTPS_8192_2H                    000000F7
_WDTPS_8_2H                       000000CF
_WRT0_OFF_6L                      000000FF
_WRT0_ON_6L                       000000FE
_WRT1_OFF_6L                      000000FF
_WRT1_ON_6L                       000000FD
_WRT2_OFF_6L                      000000FF
_WRT2_ON_6L                       000000FB
_WRT3_OFF_6L                      000000FF
_WRT3_ON_6L                       000000F7
_WRTB_OFF_6H                      000000FF
_WRTB_ON_6H                       000000BF
_WRTC_OFF_6H                      000000FF
_WRTC_ON_6H                       000000DF
_WRTD_OFF_6H                      000000FF
_WRTD_ON_6H                       0000007F
_XINST_OFF_4L                     000000BF
_XINST_ON_4L                      000000FF
__18F45K22                        00000001
botao                             PORTC,RC0
delay_ms                          00000060
fim_le_teclado                    00000156
fim_main                          0000005C
fim_varre_tecla                   00000140
igual                             0000005A
le_teclado_debounce               00000142
loop                              00000038
loop1                             0000006A
loop2                             00000066
loop3                             00000062
nada_teclado                      00000152
nenhuma_tecla                     0000013C
varre_C0_L1                       00000090
varre_C0_L2                       0000009A
MPASM  5.51                          MAIN.ASM   12-20-2022  4:51:05         PAGE 36


SYMBOL TABLE
  LABEL                             VALUE 

varre_C0_L3                       000000A4
varre_C1_L0                       000000AE
varre_C1_L1                       000000C0
varre_C1_L2                       000000CA
varre_C1_L3                       000000D4
varre_C2_L0                       000000DC
varre_C2_L1                       000000EE
varre_C2_L2                       000000F8
varre_C2_L3                       00000102
varre_C3_L0                       0000010C
varre_C3_L1                       0000011E
varre_C3_L2                       00000128
varre_C3_L3                       00000132
varre_tecla                       0000007E


MEMORY USAGE MAP ('X' = Used,  '-' = Unused)

0000 : XXXX----XX------ --------XXXXXXXX XXXXXXXXXXXXXXXX XXXXXXXXXXXXXXXX
0040 : XXXXXXXXXXXXXXXX XXXXXXXXXXXXXXXX XXXXXXXXXXXXXXXX XXXXXXXXXXXXXXXX
0080 : XXXXXXXXXXXXXXXX XXXXXXXXXXXXXXXX XXXXXXXXXXXXXXXX XXXXXXXXXXXXXXXX
00C0 : XXXXXXXXXXXXXXXX XXXXXXXXXXXXXXXX XXXXXXXXXXXXXXXX XXXXXXXXXXXXXXXX
0100 : XXXXXXXXXXXXXXXX XXXXXXXXXXXXXXXX XXXXXXXXXXXXXXXX XXXXXXXXXXXXXXXX
0140 : XXXXXXXXXXXXXXXX XXXXXXXXXXXXXXXX XXXXXXXXXXXXXXXX XXXXXXXXXXXX----
0000 : -XXX-XX-XXXXXX-- ---------------- ---------------- ----------------

All other memory blocks unused.

Program Memory Bytes Used:   373
Program Memory Bytes Free: 32395


Errors   :     0
Warnings :     2 reported,     0 suppressed
Messages :     0 reported,     0 suppressed

